app/build/intermediates/manifest_merge_blame_file/debug/processDebugMainManifest/manifest-merger-blame-debug-report.txt
1<?xml version="1.0" encoding="utf-8"?>
2<manifest xmlns:android="http://schemas.android.com/apk/res/android"
3    package="com.pumpkin.gui"
4    android:versionCode="1"
5    android:versionName="1.0" >
6
7    <uses-sdk
8        android:minSdkVersion="24"
9        android:targetSdkVersion="28" />
10
11    <uses-permission android:name="android.permission.INTERNET" />
11-->src/main/AndroidManifest.xml:4:5-67
11-->src/main/AndroidManifest.xml:4:22-64
12    <uses-permission android:name="android.permission.FOREGROUND_SERVICE" />
12-->src/main/AndroidManifest.xml:5:5-77
12-->src/main/AndroidManifest.xml:5:22-74
13    <uses-permission
13-->src/main/AndroidManifest.xml:6:5-108
14        android:name="android.permission.WRITE_EXTERNAL_STORAGE"
14-->src/main/AndroidManifest.xml:6:22-78
15        android:maxSdkVersion="28" />
15-->src/main/AndroidManifest.xml:6:79-105
16    <uses-permission
16-->src/main/AndroidManifest.xml:7:5-107
17        android:name="android.permission.READ_EXTERNAL_STORAGE"
17-->src/main/AndroidManifest.xml:7:22-77
18        android:maxSdkVersion="32" />
18-->src/main/AndroidManifest.xml:7:78-104
19    <uses-permission android:name="android.permission.GET_PACKAGE_SIZE" />
19-->[logger-runtime.aar] AndroidManifest.xml:7:5-75
19-->[logger-runtime.aar] AndroidManifest.xml:7:22-72
20    <uses-permission android:name="android.permission.QUERY_ALL_PACKAGES" />
20-->[logger-runtime.aar] AndroidManifest.xml:8:5-77
20-->[logger-runtime.aar] AndroidManifest.xml:8:22-74
21
22    <queries>
22-->[logger-runtime.aar] AndroidManifest.xml:10:5-12:15
23        <package android:name="io.github.mohammedbaqernull.logger" />
23-->[logger-runtime.aar] AndroidManifest.xml:11:9-70
23-->[logger-runtime.aar] AndroidManifest.xml:11:18-67
24    </queries>
25
26    <permission
26-->[androidx.core:core:1.17.0] AndroidManifest.xml:22:5-24:47
27        android:name="com.pumpkin.gui.DYNAMIC_RECEIVER_NOT_EXPORTED_PERMISSION"
27-->[androidx.core:core:1.17.0] AndroidManifest.xml:23:9-81
28        android:protectionLevel="signature" />
28-->[androidx.core:core:1.17.0] AndroidManifest.xml:24:9-44
29
30    <uses-permission android:name="com.pumpkin.gui.DYNAMIC_RECEIVER_NOT_EXPORTED_PERMISSION" />
30-->[androidx.core:core:1.17.0] AndroidManifest.xml:26:5-97
30-->[androidx.core:core:1.17.0] AndroidManifest.xml:26:22-94
31
32    <application
32-->src/main/AndroidManifest.xml:9:5-43:19
33        android:allowBackup="true"
33-->src/main/AndroidManifest.xml:10:9-35
34        android:appComponentFactory="androidx.core.app.CoreComponentFactory"
34-->[androidx.core:core:1.17.0] AndroidManifest.xml:28:18-86
35        android:debuggable="true"
36        android:extractNativeLibs="false"
37        android:icon="@mipmap/ic_launcher"
37-->src/main/AndroidManifest.xml:11:9-43
38        android:label="@string/app_name"
38-->src/main/AndroidManifest.xml:12:9-41
39        android:roundIcon="@mipmap/ic_launcher_round"
39-->src/main/AndroidManifest.xml:13:9-54
40        android:supportsRtl="true"
40-->src/main/AndroidManifest.xml:14:9-35
41        android:theme="@style/AppTheme" >
41-->src/main/AndroidManifest.xml:15:9-40
42        <activity
42-->src/main/AndroidManifest.xml:17:9-26:20
43            android:name="com.pumpkin.gui.MainActivity"
43-->src/main/AndroidManifest.xml:18:13-41
44            android:exported="true"
44-->src/main/AndroidManifest.xml:19:13-36
45            android:screenOrientation="portrait"
45-->src/main/AndroidManifest.xml:20:13-49
46            android:windowSoftInputMode="adjustResize" >
46-->src/main/AndroidManifest.xml:21:13-55
47            <intent-filter>
47-->src/main/AndroidManifest.xml:22:13-25:29
48                <action android:name="android.intent.action.MAIN" />
48-->src/main/AndroidManifest.xml:23:17-69
48-->src/main/AndroidManifest.xml:23:25-66
49
50                <category android:name="android.intent.category.LAUNCHER" />
50-->src/main/AndroidManifest.xml:24:17-77
50-->src/main/AndroidManifest.xml:24:27-74
51            </intent-filter>
52        </activity>
53
54        <service
54-->src/main/AndroidManifest.xml:28:9-31:40
55            android:name="com.pumpkin.gui.service.ServerService"
55-->src/main/AndroidManifest.xml:29:13-50
56            android:enabled="true"
56-->src/main/AndroidManifest.xml:30:13-35
57            android:exported="false" />
57-->src/main/AndroidManifest.xml:31:13-37
58
59        <provider
60            android:name="androidx.core.content.FileProvider"
60-->src/main/AndroidManifest.xml:34:13-62
61            android:authorities="com.pumpkin.gui.provider"
61-->src/main/AndroidManifest.xml:35:13-60
62            android:exported="false"
62-->src/main/AndroidManifest.xml:36:13-37
63            android:grantUriPermissions="true" >
63-->src/main/AndroidManifest.xml:37:13-47
64            <meta-data
64-->src/main/AndroidManifest.xml:38:13-40:54
65                android:name="android.support.FILE_PROVIDER_PATHS"
65-->src/main/AndroidManifest.xml:39:17-67
66                android:resource="@xml/file_paths" />
66-->src/main/AndroidManifest.xml:40:17-51
67        </provider>
68        <provider
68-->[logger-runtime.aar] AndroidManifest.xml:15:9-18:39
69            android:name="io.github.mohammedbaqernull.logger.logwire.LogWireInitializer"
69-->[logger-runtime.aar] AndroidManifest.xml:16:13-89
70            android:authorities="com.pumpkin.gui.logwire.initializer"
70-->[logger-runtime.aar] AndroidManifest.xml:17:13-71
71            android:exported="true" />
71-->[logger-runtime.aar] AndroidManifest.xml:18:13-36
72        <provider
72-->[androidx.emoji2:emoji2:1.3.0] AndroidManifest.xml:24:9-32:20
73            android:name="androidx.startup.InitializationProvider"
73-->[androidx.emoji2:emoji2:1.3.0] AndroidManifest.xml:25:13-67
74            android:authorities="com.pumpkin.gui.androidx-startup"
74-->[androidx.emoji2:emoji2:1.3.0] AndroidManifest.xml:26:13-68
75            android:exported="false" >
75-->[androidx.emoji2:emoji2:1.3.0] AndroidManifest.xml:27:13-37
76            <meta-data
76-->[androidx.emoji2:emoji2:1.3.0] AndroidManifest.xml:29:13-31:52
77                android:name="androidx.emoji2.text.EmojiCompatInitializer"
77-->[androidx.emoji2:emoji2:1.3.0] AndroidManifest.xml:30:17-75
78                android:value="androidx.startup" />
78-->[androidx.emoji2:emoji2:1.3.0] AndroidManifest.xml:31:17-49
79            <meta-data
79-->[androidx.lifecycle:lifecycle-process:2.6.2] AndroidManifest.xml:29:13-31:52
80                android:name="androidx.lifecycle.ProcessLifecycleInitializer"
80-->[androidx.lifecycle:lifecycle-process:2.6.2] AndroidManifest.xml:30:17-78
81                android:value="androidx.startup" />
81-->[androidx.lifecycle:lifecycle-process:2.6.2] AndroidManifest.xml:31:17-49
82            <meta-data
82-->[androidx.profileinstaller:profileinstaller:1.4.0] AndroidManifest.xml:29:13-31:52
83                android:name="androidx.profileinstaller.ProfileInstallerInitializer"
83-->[androidx.profileinstaller:profileinstaller:1.4.0] AndroidManifest.xml:30:17-85
84                android:value="androidx.startup" />
84-->[androidx.profileinstaller:profileinstaller:1.4.0] AndroidManifest.xml:31:17-49
85        </provider>
86
87        <receiver
87-->[androidx.profileinstaller:profileinstaller:1.4.0] AndroidManifest.xml:34:9-52:20
88            android:name="androidx.profileinstaller.ProfileInstallReceiver"
88-->[androidx.profileinstaller:profileinstaller:1.4.0] AndroidManifest.xml:35:13-76
89            android:directBootAware="false"
89-->[androidx.profileinstaller:profileinstaller:1.4.0] AndroidManifest.xml:36:13-44
90            android:enabled="true"
90-->[androidx.profileinstaller:profileinstaller:1.4.0] AndroidManifest.xml:37:13-35
91            android:exported="true"
91-->[androidx.profileinstaller:profileinstaller:1.4.0] AndroidManifest.xml:38:13-36
92            android:permission="android.permission.DUMP" >
92-->[androidx.profileinstaller:profileinstaller:1.4.0] AndroidManifest.xml:39:13-57
93            <intent-filter>
93-->[androidx.profileinstaller:profileinstaller:1.4.0] AndroidManifest.xml:40:13-42:29
94                <action android:name="androidx.profileinstaller.action.INSTALL_PROFILE" />
94-->[androidx.profileinstaller:profileinstaller:1.4.0] AndroidManifest.xml:41:17-91
94-->[androidx.profileinstaller:profileinstaller:1.4.0] AndroidManifest.xml:41:25-88
95            </intent-filter>
96            <intent-filter>
96-->[androidx.profileinstaller:profileinstaller:1.4.0] AndroidManifest.xml:43:13-45:29
97                <action android:name="androidx.profileinstaller.action.SKIP_FILE" />
97-->[androidx.profileinstaller:profileinstaller:1.4.0] AndroidManifest.xml:44:17-85
97-->[androidx.profileinstaller:profileinstaller:1.4.0] AndroidManifest.xml:44:25-82
98            </intent-filter>
99            <intent-filter>
99-->[androidx.profileinstaller:profileinstaller:1.4.0] AndroidManifest.xml:46:13-48:29
100                <action android:name="androidx.profileinstaller.action.SAVE_PROFILE" />
100-->[androidx.profileinstaller:profileinstaller:1.4.0] AndroidManifest.xml:47:17-88
100-->[androidx.profileinstaller:profileinstaller:1.4.0] AndroidManifest.xml:47:25-85
101            </intent-filter>
102            <intent-filter>
102-->[androidx.profileinstaller:profileinstaller:1.4.0] AndroidManifest.xml:49:13-51:29
103                <action android:name="androidx.profileinstaller.action.BENCHMARK_OPERATION" />
103-->[androidx.profileinstaller:profileinstaller:1.4.0] AndroidManifest.xml:50:17-95
103-->[androidx.profileinstaller:profileinstaller:1.4.0] AndroidManifest.xml:50:25-92
104            </intent-filter>
105        </receiver>
106    </application>
107
108</manifest>